2025-02-25 18:52:50 [main] WARN  org.testng.xml.TestNGContentHandler - It is strongly recommended to add "<!DOCTYPE suite SYSTEM "https://testng.org/testng-1.0.dtd" >" at the top of the suite file [C:\dev\fte-automation\sanity.xml] otherwise TestNG may fail or not work as expected.
2025-02-25 18:52:51 [main] INFO  org.testng.internal.Utils - [TestNG] Running:
  C:\dev\fte-automation\sanity.xml

2025-02-25 18:52:52 [main] INFO  com.ot.automation.tests.SanityUnits - Starting to initialize Env before tests run: 2025-02-25 18:52:51
2025-02-25 18:52:59 [main] INFO  com.ot.automation.tests.SanityUnits - Finish to initialize Env before tests run: 2025-02-25 18:52:51
2025-02-25 18:52:59 [main] INFO  com.ot.automation.tests.SanityUnits - Login to Octane start: 2025-02-25 18:52:51
2025-02-25 18:53:48 [main] INFO  com.ot.automation.tests.SanityUnits - Login to Octane end: 2025-02-25 18:52:51
2025-02-25 18:54:27 [main] INFO  com.ot.automation.tests.SanityUnits - create runners start: 2025-02-25 18:52:51
2025-02-26 11:14:41 [main] WARN  org.testng.xml.TestNGContentHandler - It is strongly recommended to add "<!DOCTYPE suite SYSTEM "https://testng.org/testng-1.0.dtd" >" at the top of the suite file [C:\dev\fte-automation\sanity.xml] otherwise TestNG may fail or not work as expected.
2025-02-26 11:14:41 [main] INFO  org.testng.internal.Utils - [TestNG] Running:
  C:\dev\fte-automation\sanity.xml

2025-02-26 11:14:41 [main] INFO  com.ot.automation.tests.SanityUnits - Starting to initialize Env before tests run: 2025-02-26 11:14:41
2025-02-26 11:14:54 [main] INFO  com.ot.automation.tests.SanityUnits - Finish to initialize Env before tests run: 2025-02-26 11:14:41
2025-02-26 11:14:54 [main] INFO  com.ot.automation.tests.SanityUnits - create tenant start start: 2025-02-26 11:14:41
2025-02-26 11:17:00 [main] WARN  org.testng.xml.TestNGContentHandler - It is strongly recommended to add "<!DOCTYPE suite SYSTEM "https://testng.org/testng-1.0.dtd" >" at the top of the suite file [C:\dev\fte-automation\sanity.xml] otherwise TestNG may fail or not work as expected.
2025-02-26 11:17:00 [main] INFO  org.testng.internal.Utils - [TestNG] Running:
  C:\dev\fte-automation\sanity.xml

2025-02-26 11:17:00 [main] INFO  com.ot.automation.tests.SanityUnits - Starting to initialize Env before tests run: 2025-02-26 11:17:00
2025-02-26 11:17:05 [main] INFO  com.ot.automation.tests.SanityUnits - Finish to initialize Env before tests run: 2025-02-26 11:17:00
2025-02-26 11:17:05 [main] INFO  com.ot.automation.tests.SanityUnits - create tenant start start: 2025-02-26 11:17:00
2025-02-26 11:24:32 [main] INFO  com.ot.automation.tests.SanityUnits - create tenant end: 2025-02-26 11:17:00
2025-02-27 09:37:36 [main] WARN  org.testng.xml.TestNGContentHandler - It is strongly recommended to add "<!DOCTYPE suite SYSTEM "https://testng.org/testng-1.0.dtd" >" at the top of the suite file [C:\dev\fte-automation\sanity.xml] otherwise TestNG may fail or not work as expected.
2025-02-27 09:37:36 [main] INFO  org.testng.internal.Utils - [TestNG] Running:
  C:\dev\fte-automation\sanity.xml

2025-02-27 09:37:36 [main] INFO  com.ot.automation.tests.SanityUnits - *********** Starting to initialize Env before tests run: 1740641856748
2025-02-27 09:37:42 [main] INFO  com.ot.automation.tests.SanityUnits - *********** Finish to initialize Env before tests run: 1740641862355. test run took 5607 ms
2025-02-27 09:37:42 [main] INFO  com.ot.automation.tests.SanityUnits - *********** create tenant start start: 1740641862384
2025-02-27 09:39:20 [main] WARN  org.testng.xml.TestNGContentHandler - It is strongly recommended to add "<!DOCTYPE suite SYSTEM "https://testng.org/testng-1.0.dtd" >" at the top of the suite file [C:\dev\fte-automation\sanity.xml] otherwise TestNG may fail or not work as expected.
2025-02-27 09:39:20 [main] INFO  org.testng.internal.Utils - [TestNG] Running:
  C:\dev\fte-automation\sanity.xml

2025-02-27 09:39:20 [main] INFO  com.ot.automation.tests.SanityUnits - *********** Starting to initialize Env before tests run: 1740641960690
2025-02-27 09:39:26 [main] INFO  com.ot.automation.tests.SanityUnits - *********** Finish to initialize Env before tests run: 1740641966207. test run took 5517 ms
2025-02-27 09:39:26 [main] INFO  com.ot.automation.tests.SanityUnits - *********** create tenant start start: 1740641966240
2025-02-27 09:59:14 [main] WARN  org.testng.xml.TestNGContentHandler - It is strongly recommended to add "<!DOCTYPE suite SYSTEM "https://testng.org/testng-1.0.dtd" >" at the top of the suite file [C:\dev\fte-automation\sanity.xml] otherwise TestNG may fail or not work as expected.
2025-02-27 09:59:15 [main] INFO  org.testng.internal.Utils - [TestNG] Running:
  C:\dev\fte-automation\sanity.xml

2025-02-27 09:59:15 [main] INFO  com.ot.automation.tests.SanityUnits - *********** Starting to initialize Env before tests run: 1740643155355
2025-02-27 09:59:20 [main] INFO  com.ot.automation.tests.SanityUnits - *********** Finish to initialize Env before tests run: 1740643160634. test run took 5279 ms
2025-02-27 09:59:20 [main] INFO  com.ot.automation.tests.SanityUnits - *********** Login to Octane start: 1740643160666
2025-02-27 10:00:06 [main] INFO  com.ot.automation.tests.SanityUnits - *********** Login to Octane end: 1740643206205. test run took 45539 ms
2025-02-27 10:00:36 [main] INFO  com.ot.automation.tests.SanityUnits - *********** create runners start: 1740643236425
2025-02-27 10:00:44 [main] INFO  com.ot.automation.tests.SanityUnits - *********** Create Jenkins CI and Runner start: 1740643244269
2025-02-27 10:01:49 [main] WARN  org.testng.xml.TestNGContentHandler - It is strongly recommended to add "<!DOCTYPE suite SYSTEM "https://testng.org/testng-1.0.dtd" >" at the top of the suite file [C:\dev\fte-automation\sanity.xml] otherwise TestNG may fail or not work as expected.
2025-02-27 10:01:50 [main] INFO  org.testng.internal.Utils - [TestNG] Running:
  C:\dev\fte-automation\sanity.xml

2025-02-27 10:01:50 [main] INFO  com.ot.automation.tests.SanityUnits - *********** Starting to initialize Env before tests run: 1740643310062
2025-02-27 10:01:55 [main] INFO  com.ot.automation.tests.SanityUnits - *********** Finish to initialize Env before tests run: 1740643315921. test run took 5859 ms
2025-02-27 10:01:55 [main] INFO  com.ot.automation.tests.SanityUnits - *********** Login to Octane start: 1740643315954
2025-02-27 10:02:52 [main] INFO  com.ot.automation.tests.SanityUnits - *********** Login to Octane end: 1740643372132. test run took 56178 ms
2025-02-27 10:03:35 [main] INFO  com.ot.automation.tests.SanityUnits - *********** create runners start: 1740643415790
2025-02-27 10:12:46 [main] INFO  com.ot.automation.tests.SanityUnits - *********** create runners end: 1740643966828. test run took 551038 ms
2025-02-27 10:12:46 [main] INFO  com.ot.automation.tests.SanityUnits - *********** Create Jenkins CI and Runner start: 1740643966828
2025-02-27 10:15:30 [main] WARN  org.testng.xml.TestNGContentHandler - It is strongly recommended to add "<!DOCTYPE suite SYSTEM "https://testng.org/testng-1.0.dtd" >" at the top of the suite file [C:\dev\fte-automation\sanity.xml] otherwise TestNG may fail or not work as expected.
2025-02-27 10:15:31 [main] INFO  org.testng.internal.Utils - [TestNG] Running:
  C:\dev\fte-automation\sanity.xml

2025-02-27 10:15:31 [main] INFO  com.ot.automation.tests.SanityUnits - *********** Starting to initialize Env before tests run: 1740644131247
2025-02-27 10:15:36 [main] INFO  com.ot.automation.tests.SanityUnits - *********** Finish to initialize Env before tests run: 1740644136600. test run took 5353 ms
2025-02-27 10:15:36 [main] INFO  com.ot.automation.tests.SanityUnits - *********** Login to Octane start: 1740644136633
2025-02-27 10:16:19 [main] INFO  com.ot.automation.tests.SanityUnits - *********** Login to Octane end: 1740644179984. test run took 43351 ms
2025-02-27 10:16:19 [main] INFO  com.ot.automation.tests.SanityUnits - *********** Execution of external storage pure Selenium start: 1740644179999
2025-02-27 10:21:52 [main] INFO  com.ot.automation.tests.SanityUnits - *********** Schedule Run Execution of external storage pure Selenium start: 1740644179999
2025-02-27 10:25:51 [main] INFO  com.ot.automation.tests.SanityUnits - *********** Execution of external storage pure Selenium end: 1740644751276. test run took 571277 ms
2025-02-27 10:25:51 [main] INFO  com.ot.automation.tests.SanityUnits - *********** Execution of pure UFT One on browsers start: 1740644751277
2025-02-27 10:29:32 [main] INFO  com.ot.automation.tests.SanityUnits - *********** Execution of pure UFT One with recursing SCH start: 1740644972174
2025-02-27 10:32:33 [main] INFO  com.ot.automation.tests.SanityUnits - *********** Schedule Run Execution of pure UFT One with recursing SCH start: 1740644972174
2025-02-27 10:41:57 [main] INFO  com.ot.automation.tests.SanityUnits - *********** Execution of pure UFT One with recursing SCH end: 1740645717516. test run took 745342 ms
2025-02-27 10:41:57 [main] INFO  com.ot.automation.tests.SanityUnits - *********** Execution of MBT UFT One start: 1740645717517
2025-02-27 10:46:25 [main] INFO  com.ot.automation.tests.SanityUnits - *********** Schedule Run Execution of MBT UFT One start: 1740645717517
2025-02-27 10:55:17 [main] INFO  com.ot.automation.tests.SanityUnits - *********** Execution of MBT UFT One end: 1740646517115. test run took 799598 ms
2025-02-27 10:55:17 [main] INFO  com.ot.automation.tests.SanityUnits - *********** Execution of pure Selenium start: 1740646517115
2025-02-27 10:58:50 [main] INFO  com.ot.automation.tests.SanityUnits - *********** Schedule Run Execution of pure Selenium start: 1740646517115
2025-02-27 11:06:51 [main] INFO  com.ot.automation.tests.SanityUnits - *********** Execution of pure Selenium end: 1740647211882. test run took 694767 ms
2025-02-27 11:06:51 [main] INFO  com.ot.automation.tests.SanityUnits - *********** Execution of MBT Selenium start: 1740647211882
2025-02-27 11:10:26 [main] INFO  com.ot.automation.tests.SanityUnits - *********** Schedule Run Execution of MBT Selenium start: 1740647211882
2025-02-27 11:13:44 [main] INFO  com.ot.automation.tests.SanityUnits - *********** Execution of MBT Selenium end: 1740647624946. test run took 413064 ms
2025-02-27 11:13:44 [main] INFO  com.ot.automation.tests.SanityUnits - *********** Execution of Skipped start: 1740647624946
2025-02-27 11:16:30 [main] INFO  com.ot.automation.tests.SanityUnits - *********** Execution of cancel by user pure UFT One start: 1740647790573
2025-02-27 11:16:30 [main] INFO  com.ot.automation.tests.SanityUnits - *********** Execution of Report MBT UFT One start: 1740647790956
2025-02-27 11:16:31 [main] INFO  com.ot.automation.tests.SanityUnits - *********** Execution of Report MBT Selenium start: 1740647791438
2025-02-27 11:16:31 [main] INFO  com.ot.automation.tests.SanityUnits - *********** Execution of Data Population MBT UFT One start: 1740647791847
2025-02-27 11:16:32 [main] INFO  com.ot.automation.tests.SanityUnits - *********** Execution of Data Population MBT Selenium start: 1740647792206
2025-02-27 11:16:32 [main] INFO  com.ot.automation.tests.SanityUnits - *********** Execution of FL MBT UFT One start: 1740647792605
2025-02-27 11:16:32 [main] INFO  com.ot.automation.tests.SanityUnits - *********** Execution of MBT Selenium Iteration start: 1740647792990
2025-02-27 11:16:33 [main] INFO  com.ot.automation.tests.SanityUnits - *********** Execution of MBT UFT One Iteration start: 1740647793556
2025-02-27 11:36:03 [main] WARN  org.testng.xml.TestNGContentHandler - It is strongly recommended to add "<!DOCTYPE suite SYSTEM "https://testng.org/testng-1.0.dtd" >" at the top of the suite file [C:\dev\fte-automation\sanity.xml] otherwise TestNG may fail or not work as expected.
2025-02-27 11:36:04 [main] INFO  org.testng.internal.Utils - [TestNG] Running:
  C:\dev\fte-automation\sanity.xml

2025-02-27 11:36:04 [main] INFO  com.ot.automation.tests.SanityUnits - *********** Starting to initialize Env before tests run: 1740648964529
2025-02-27 11:36:09 [main] INFO  com.ot.automation.tests.SanityUnits - *********** Finish to initialize Env before tests run: 1740648969767. test run took 5238 ms
2025-02-27 11:36:09 [main] INFO  com.ot.automation.tests.SanityUnits - *********** create tenant start start: 1740648969808
2025-02-27 11:39:08 [main] WARN  org.testng.xml.TestNGContentHandler - It is strongly recommended to add "<!DOCTYPE suite SYSTEM "https://testng.org/testng-1.0.dtd" >" at the top of the suite file [C:\dev\fte-automation\sanity.xml] otherwise TestNG may fail or not work as expected.
2025-02-27 11:39:09 [main] INFO  org.testng.internal.Utils - [TestNG] Running:
  C:\dev\fte-automation\sanity.xml

2025-02-27 11:39:09 [main] INFO  com.ot.automation.tests.SanityUnits - *********** Starting to initialize Env before tests run: 1740649149370
2025-02-27 11:39:14 [main] INFO  com.ot.automation.tests.SanityUnits - *********** Finish to initialize Env before tests run: 1740649154683. test run took 5313 ms
2025-02-27 11:39:14 [main] INFO  com.ot.automation.tests.SanityUnits - *********** create tenant start start: 1740649154712
2025-02-27 11:46:31 [main] INFO  com.ot.automation.tests.SanityUnits - *********** create tenant end: 1740649591616. test run took 436904 ms
2025-02-27 11:46:56 [main] WARN  org.testng.xml.TestNGContentHandler - It is strongly recommended to add "<!DOCTYPE suite SYSTEM "https://testng.org/testng-1.0.dtd" >" at the top of the suite file [C:\dev\fte-automation\sanity.xml] otherwise TestNG may fail or not work as expected.
2025-02-27 11:46:56 [main] INFO  org.testng.internal.Utils - [TestNG] Running:
  C:\dev\fte-automation\sanity.xml

2025-02-27 11:46:56 [main] INFO  com.ot.automation.tests.SanityUnits - *********** Starting to initialize Env before tests run: 1740649616575
2025-02-27 11:47:01 [main] INFO  com.ot.automation.tests.SanityUnits - *********** Finish to initialize Env before tests run: 1740649621647. test run took 5072 ms
2025-02-27 11:47:01 [main] INFO  com.ot.automation.tests.SanityUnits - *********** Login to Octane start: 1740649621675
2025-02-27 11:47:53 [main] INFO  com.ot.automation.tests.SanityUnits - *********** Login to Octane end: 1740649673534. test run took 51859 ms
2025-02-27 11:48:35 [main] INFO  com.ot.automation.tests.SanityUnits - *********** create runners start: 1740649715921
2025-02-27 11:51:12 [main] INFO  com.ot.automation.tests.SanityUnits - *********** Create Jenkins CI and Runner start: 1740649872849
2025-02-27 11:53:22 [main] WARN  org.testng.xml.TestNGContentHandler - It is strongly recommended to add "<!DOCTYPE suite SYSTEM "https://testng.org/testng-1.0.dtd" >" at the top of the suite file [C:\dev\fte-automation\sanity.xml] otherwise TestNG may fail or not work as expected.
2025-02-27 11:53:23 [main] INFO  org.testng.internal.Utils - [TestNG] Running:
  C:\dev\fte-automation\sanity.xml

2025-02-27 11:53:23 [main] INFO  com.ot.automation.tests.SanityUnits - *********** Starting to initialize Env before tests run: 1740650003134
2025-02-27 11:53:28 [main] INFO  com.ot.automation.tests.SanityUnits - *********** Finish to initialize Env before tests run: 1740650008429. test run took 5295 ms
2025-02-27 11:53:28 [main] INFO  com.ot.automation.tests.SanityUnits - *********** Login to Octane start: 1740650008466
2025-02-27 11:54:07 [main] INFO  com.ot.automation.tests.SanityUnits - *********** Login to Octane end: 1740650047769. test run took 39303 ms
2025-02-27 11:54:07 [main] INFO  com.ot.automation.tests.SanityUnits - *********** create runners start: 1740650047769
2025-02-27 12:03:13 [main] INFO  com.ot.automation.tests.SanityUnits - *********** create runners end: 1740650593232. test run took 545463 ms
2025-02-27 12:03:13 [main] INFO  com.ot.automation.tests.SanityUnits - *********** Create Jenkins CI and Runner start: 1740650593232
2025-02-27 13:54:03 [main] WARN  org.testng.xml.TestNGContentHandler - It is strongly recommended to add "<!DOCTYPE suite SYSTEM "https://testng.org/testng-1.0.dtd" >" at the top of the suite file [C:\dev\fte-automation\sanity.xml] otherwise TestNG may fail or not work as expected.
2025-02-27 13:54:04 [main] INFO  org.testng.internal.Utils - [TestNG] Running:
  C:\dev\fte-automation\sanity.xml

2025-02-27 13:54:04 [main] INFO  com.ot.automation.tests.SanityUnits - *********** Starting to initialize Env before tests run: 1740657244144
2025-02-27 13:54:09 [main] INFO  com.ot.automation.tests.SanityUnits - *********** Finish to initialize Env before tests run: 1740657249377. test run took 5233 ms
2025-02-27 13:54:09 [main] INFO  com.ot.automation.tests.SanityUnits - *********** Login to Octane start: 1740657249410
2025-02-27 13:54:48 [main] INFO  com.ot.automation.tests.SanityUnits - *********** Login to Octane end: 1740657288720. test run took 39310 ms
2025-02-27 13:54:48 [main] INFO  com.ot.automation.tests.SanityUnits - *********** Execution of external storage pure Selenium start: 1740657288735
2025-02-27 14:01:24 [main] INFO  com.ot.automation.tests.SanityUnits - *********** Schedule Run Execution of external storage pure Selenium start: 1740657288735
2025-02-27 14:04:08 [main] INFO  com.ot.automation.tests.SanityUnits - *********** Execution of external storage pure Selenium end: 1740657848156. test run took 559421 ms
2025-02-27 14:04:08 [main] INFO  com.ot.automation.tests.SanityUnits - *********** Execution of pure UFT One on browsers start: 1740657848156
2025-02-27 14:07:53 [main] INFO  com.ot.automation.tests.SanityUnits - *********** Schedule Run Execution of pure UFT One on browsers start: 1740657848156
2025-02-27 14:14:26 [main] INFO  com.ot.automation.tests.SanityUnits - *********** Execution of pure UFT One on browsers end: 1740658466798. test run took 618642 ms
2025-02-27 14:14:26 [main] INFO  com.ot.automation.tests.SanityUnits - *********** Execution of pure UFT One with recursing SCH start: 1740658466799
2025-02-27 14:17:26 [main] INFO  com.ot.automation.tests.SanityUnits - *********** Schedule Run Execution of pure UFT One with recursing SCH start: 1740658466799
2025-02-27 14:22:35 [main] INFO  com.ot.automation.tests.SanityUnits - *********** Execution of MBT UFT One start: 1740658955402
2025-02-27 14:27:17 [main] INFO  com.ot.automation.tests.SanityUnits - *********** Schedule Run Execution of MBT UFT One start: 1740658955402
2025-02-27 14:36:44 [main] INFO  com.ot.automation.tests.SanityUnits - *********** Execution of MBT UFT One end: 1740659804827. test run took 849425 ms
2025-02-27 14:36:44 [main] INFO  com.ot.automation.tests.SanityUnits - *********** Execution of pure Selenium start: 1740659804827
2025-02-27 14:40:15 [main] INFO  com.ot.automation.tests.SanityUnits - *********** Schedule Run Execution of pure Selenium start: 1740659804827
2025-02-27 14:42:36 [main] INFO  com.ot.automation.tests.SanityUnits - *********** Execution of pure Selenium end: 1740660156192. test run took 351365 ms
2025-02-27 14:42:36 [main] INFO  com.ot.automation.tests.SanityUnits - *********** Execution of MBT Selenium start: 1740660156192
2025-02-27 14:46:08 [main] INFO  com.ot.automation.tests.SanityUnits - *********** Schedule Run Execution of MBT Selenium start: 1740660156192
2025-02-27 14:48:35 [main] INFO  com.ot.automation.tests.SanityUnits - *********** Execution of MBT Selenium end: 1740660515305. test run took 359113 ms
2025-02-27 14:48:35 [main] INFO  com.ot.automation.tests.SanityUnits - *********** Execution of Skipped start: 1740660515305
2025-02-27 14:51:38 [main] INFO  com.ot.automation.tests.SanityUnits - *********** Execution of Skipped end: 1740660698623. test run took 183318 ms
2025-02-27 14:51:38 [main] INFO  com.ot.automation.tests.SanityUnits - *********** Execution of cancel by user pure UFT One start: 1740660698630
2025-02-27 14:54:58 [main] INFO  com.ot.automation.tests.SanityUnits - *********** Execution of cancel by user pure UFT One end: 1740660898657. test run took 200027 ms
2025-02-27 14:54:58 [main] INFO  com.ot.automation.tests.SanityUnits - *********** Execution of Report MBT UFT One start: 1740660898658
2025-02-27 14:58:01 [main] INFO  com.ot.automation.tests.SanityUnits - *********** Schedule Run Execution of Report MBT UFT One start: 1740660898658
2025-02-27 15:04:01 [main] INFO  com.ot.automation.tests.SanityUnits - *********** Execution of Report MBT UFT One end: 1740661441499. test run took 542841 ms
2025-02-27 15:04:01 [main] INFO  com.ot.automation.tests.SanityUnits - *********** Execution of Report MBT Selenium start: 1740661441500
2025-02-27 15:08:00 [main] INFO  com.ot.automation.tests.SanityUnits - *********** Schedule Run Execution of Report MBT Selenium start: 1740661441500
2025-02-27 15:11:00 [main] INFO  com.ot.automation.tests.SanityUnits - *********** Execution of Report MBT Selenium end: 1740661860984. test run took 419484 ms
2025-02-27 15:11:00 [main] INFO  com.ot.automation.tests.SanityUnits - *********** Execution of Data Population MBT UFT One start: 1740661860985
2025-02-27 15:14:07 [main] INFO  com.ot.automation.tests.SanityUnits - *********** Schedule Run Execution of Data Population MBT UFT One start: 1740661860985
2025-02-27 15:22:01 [main] INFO  com.ot.automation.tests.SanityUnits - *********** Execution of Data Population MBT UFT One end: 1740662521979. test run took 660994 ms
2025-02-27 15:22:01 [main] INFO  com.ot.automation.tests.SanityUnits - *********** Execution of Data Population MBT Selenium start: 1740662521981
2025-02-27 15:25:35 [main] INFO  com.ot.automation.tests.SanityUnits - *********** Schedule Run Execution of Data Population MBT Selenium start: 1740662521981
2025-02-27 15:28:44 [main] INFO  com.ot.automation.tests.SanityUnits - *********** Execution of Data Population MBT Selenium end: 1740662924878. test run took 402897 ms
2025-02-27 15:28:44 [main] INFO  com.ot.automation.tests.SanityUnits - *********** Execution of FL MBT UFT One start: 1740662924878
2025-02-27 15:32:09 [main] INFO  com.ot.automation.tests.SanityUnits - *********** Schedule Run Execution of FL MBT UFT One start: 1740662924878
2025-02-27 15:37:50 [main] INFO  com.ot.automation.tests.SanityUnits - *********** Execution of FL MBT UFT One end: 1740663470322. test run took 545444 ms
2025-02-27 15:37:50 [main] INFO  com.ot.automation.tests.SanityUnits - *********** Execution of MBT Selenium Iteration start: 1740663470322
2025-02-27 15:41:33 [main] INFO  com.ot.automation.tests.SanityUnits - *********** Schedule Run Execution of MBT Selenium Iteration start: 1740663470322
2025-02-27 15:45:52 [main] INFO  com.ot.automation.tests.SanityUnits - *********** Execution of MBT UFT One Iteration start: 1740663952065
2025-02-27 15:49:25 [main] INFO  com.ot.automation.tests.SanityUnits - *********** Schedule Run Execution of MBT UFT One Iteration start: 1740663952065
2025-02-27 15:56:13 [main] INFO  com.ot.automation.tests.SanityUnits - *********** Execution of MBT UFT One Iteration end: 1740663470322. test run took -481743 ms
2025-03-04 15:43:13 [main] WARN  org.testng.xml.TestNGContentHandler - It is strongly recommended to add "<!DOCTYPE suite SYSTEM "https://testng.org/testng-1.0.dtd" >" at the top of the suite file [C:\dev\fte-automation\sanity.xml] otherwise TestNG may fail or not work as expected.
2025-03-04 15:43:13 [main] INFO  org.testng.internal.Utils - [TestNG] Running:
  C:\dev\fte-automation\sanity.xml

2025-03-04 15:43:13 [main] INFO  com.ot.automation.tests.SanityUnits - *********** Starting to initialize Env before tests run: 1741095793779
2025-03-04 15:43:19 [main] INFO  com.ot.automation.tests.SanityUnits - *********** Finish to initialize Env before tests run: 1741095799479. test run took 5700 ms
2025-03-04 15:43:19 [main] INFO  com.ot.automation.tests.SanityUnits - *********** Login to Octane start: 1741095799509
2025-03-04 15:43:58 [main] INFO  com.ot.automation.tests.SanityUnits - *********** Login to Octane end: 1741095838143. test run took 38634 ms
2025-03-04 15:43:58 [main] INFO  com.ot.automation.tests.SanityUnits - *********** Execution of Data Population MBT UFT One start: 1741095838149
2025-03-04 15:43:58 [main] INFO  com.ot.automation.tests.SanityUnits - *********** Create Model, MBT and TS for DP: 1741095838149
2025-03-04 15:45:29 [main] INFO  com.ot.automation.tests.SanityUnits - *********** Create Model, MBT and TS for DP End: 1741095929667
2025-03-04 15:47:05 [main] INFO  com.ot.automation.tests.SanityUnits - *********** Schedule Run Execution of Data Population MBT UFT One start: 1741096025464
2025-03-04 15:55:28 [main] INFO  com.ot.automation.tests.SanityUnits - *********** Schedule Run Execution of Data Population MBT UFT One end: 1741096528456. SCH run took 502992 ms
2025-03-04 15:55:28 [main] INFO  com.ot.automation.tests.SanityUnits - *********** Execution of Data Population MBT UFT One end: 1741096528457. test run took 690308 ms
2025-03-04 16:40:19 [main] WARN  org.testng.xml.TestNGContentHandler - It is strongly recommended to add "<!DOCTYPE suite SYSTEM "https://testng.org/testng-1.0.dtd" >" at the top of the suite file [C:\dev\fte-automation\sanity.xml] otherwise TestNG may fail or not work as expected.
2025-03-04 16:40:19 [main] INFO  com.ot.automation.tests.SanityUnits - *********** Starting to initialize Env before tests run: 1741099219834
2025-03-04 16:40:24 [main] INFO  com.ot.automation.tests.SanityUnits - *********** Finish to initialize Env before tests run: 1741099224361. test run took 4527 ms
2025-03-04 16:40:24 [main] INFO  com.ot.automation.tests.SanityUnits - *********** Login to Octane start: 1741099224396
2025-03-04 16:41:03 [main] INFO  com.ot.automation.tests.SanityUnits - *********** Login to Octane end: 1741099263113. test run took 38717 ms
2025-03-04 16:41:03 [main] INFO  com.ot.automation.tests.SanityUnits - *********** Execution of Data Population MBT UFT One start: 1741099263113
2025-03-04 16:41:03 [main] INFO  com.ot.automation.tests.SanityUnits - *********** Create Model, MBT and TS for DP: 1741099263113
2025-03-04 16:42:21 [main] INFO  com.ot.automation.tests.SanityUnits - *********** Create Model, MBT and TS for DP End: 1741099341216, duration 78103
2025-03-04 16:43:57 [main] INFO  com.ot.automation.tests.SanityUnits - *********** Schedule Run Execution of Data Population MBT UFT One start: 1741099437451
2025-03-04 16:53:27 [AsyncHttpClient-1-4] WARN  org.asynchttpclient.netty.handler.WebSocketHandler - onError
java.net.SocketException: Connection reset
	at sun.nio.ch.SocketChannelImpl.throwConnectionReset(SocketChannelImpl.java:401) ~[?:?]
	at sun.nio.ch.SocketChannelImpl.read(SocketChannelImpl.java:434) ~[?:?]
	at io.netty.buffer.PooledByteBuf.setBytes(PooledByteBuf.java:256) ~[netty-buffer-4.1.92.Final.jar:4.1.92.Final]
	at io.netty.buffer.AbstractByteBuf.writeBytes(AbstractByteBuf.java:1132) ~[netty-buffer-4.1.92.Final.jar:4.1.92.Final]
	at io.netty.channel.socket.nio.NioSocketChannel.doReadBytes(NioSocketChannel.java:357) ~[netty-transport-4.1.92.Final.jar:4.1.92.Final]
	at io.netty.channel.nio.AbstractNioByteChannel$NioByteUnsafe.read(AbstractNioByteChannel.java:151) ~[netty-transport-4.1.92.Final.jar:4.1.92.Final]
	at io.netty.channel.nio.NioEventLoop.processSelectedKey(NioEventLoop.java:788) ~[netty-transport-4.1.92.Final.jar:4.1.92.Final]
	at io.netty.channel.nio.NioEventLoop.processSelectedKeysOptimized(NioEventLoop.java:724) ~[netty-transport-4.1.92.Final.jar:4.1.92.Final]
	at io.netty.channel.nio.NioEventLoop.processSelectedKeys(NioEventLoop.java:650) ~[netty-transport-4.1.92.Final.jar:4.1.92.Final]
	at io.netty.channel.nio.NioEventLoop.run(NioEventLoop.java:562) ~[netty-transport-4.1.92.Final.jar:4.1.92.Final]
	at io.netty.util.concurrent.SingleThreadEventExecutor$4.run(SingleThreadEventExecutor.java:997) ~[netty-common-4.1.92.Final.jar:4.1.92.Final]
	at io.netty.util.internal.ThreadExecutorMap$2.run(ThreadExecutorMap.java:74) ~[netty-common-4.1.92.Final.jar:4.1.92.Final]
	at io.netty.util.concurrent.FastThreadLocalRunnable.run(FastThreadLocalRunnable.java:30) ~[netty-common-4.1.92.Final.jar:4.1.92.Final]
	at java.lang.Thread.run(Thread.java:1583) [?:?]
